  StoredSettings.cpp
  Team.cpp
  Tournament.cpp
  GameplayComponent.cpp
..\..\Source\Gameplay\GameplayComponent.cpp(209): warning C4100: 'g': unreferenced formal parameter
..\..\Source\Gameplay\GameplayComponent.cpp(293): warning C4244: 'initializing': conversion from 'double' to 'int', possible loss of data
..\..\Source\Gameplay\GameplayComponent.cpp(293): warning C4244: 'initializing': conversion from 'double' to 'const int', possible loss of data
..\..\Source\Gameplay\GameplayComponent.cpp(561): warning C4244: 'initializing': conversion from 'double' to 'int', possible loss of data
..\..\Source\Gameplay\GameplayComponent.cpp(608): warning C4244: 'initializing': conversion from 'double' to 'int', possible loss of data
..\..\Source\Gameplay\GameplayComponent.cpp(655): warning C4244: 'initializing': conversion from 'double' to 'int', possible loss of data
..\..\Source\Gameplay\GameplayComponent.cpp(676): warning C4244: 'initializing': conversion from 'double' to 'int', possible loss of data
..\..\Source\Gameplay\GameplayComponent.cpp(704): warning C4244: 'initializing': conversion from 'double' to 'int', possible loss of data
..\..\Source\Gameplay\GameplayComponent.cpp(725): warning C4244: 'initializing': conversion from 'double' to 'int', possible loss of data
..\..\Source\Gameplay\GameplayComponent.cpp(746): warning C4244: 'initializing': conversion from 'double' to 'int', possible loss of data
..\..\Source\Gameplay\GameplayComponent.cpp(774): warning C4244: 'initializing': conversion from 'double' to 'int', possible loss of data
..\..\Source\Gameplay\GameplayComponent.cpp(795): warning C4390: ';': empty controlled statement found; is this the intent?
..\..\Source\Gameplay\GameplayComponent.cpp(908): warning C4458: declaration of 'gameSetup' hides class member
  c:\users\willow\dropbox\livestreaming\quidstreamassistant\source\gameplay\GameplayComponent.h(72): note: see declaration of 'GameplayComponent::gameSetup' (compiling source file ..\..\Source\Gameplay\GameplayComponent.cpp)
..\..\Source\Gameplay\GameplayComponent.cpp(934): warning C4244: 'initializing': conversion from 'double' to 'int', possible loss of data
..\..\Source\Gameplay\GameplayComponent.cpp(935): warning C4244: 'initializing': conversion from 'double' to 'int', possible loss of data
d:\juce\modules\juce_core\memory/juce_ContainerDeletePolicy.h(49): error C2027: use of undefined type 'QuidStreamAssistantApplication::MainMenuModel' (compiling source file ..\..\Source\Settings\StoredSettings.cpp)
  c:\users\willow\dropbox\livestreaming\quidstreamassistant\source\settings\../TopLevel/Application.h(87): note: see declaration of 'QuidStreamAssistantApplication::MainMenuModel' (compiling source file ..\..\Source\Settings\StoredSettings.cpp)
  d:\juce\modules\juce_core\memory/juce_ContainerDeletePolicy.h(40): note: while compiling class template member function 'void juce::ContainerDeletePolicy<ObjectType>::destroy(ObjectType *)'
          with
          [
              ObjectType=QuidStreamAssistantApplication::MainMenuModel
          ] (compiling source file ..\..\Source\Settings\StoredSettings.cpp)
  d:\juce\modules\juce_core\memory/juce_ScopedPointer.h(98): note: see reference to function template instantiation 'void juce::ContainerDeletePolicy<ObjectType>::destroy(ObjectType *)' being compiled
          with
          [
              ObjectType=QuidStreamAssistantApplication::MainMenuModel
          ] (compiling source file ..\..\Source\Settings\StoredSettings.cpp)
  d:\juce\modules\juce_core\memory/juce_ScopedPointer.h(98): note: see reference to class template instantiation 'juce::ContainerDeletePolicy<ObjectType>' being compiled
          with
          [
              ObjectType=QuidStreamAssistantApplication::MainMenuModel
          ] (compiling source file ..\..\Source\Settings\StoredSettings.cpp)
  d:\juce\modules\juce_core\memory/juce_ScopedPointer.h(98): note: while compiling class template member function 'juce::ScopedPointer<QuidStreamAssistantApplication::MainMenuModel>::~ScopedPointer(void)' (compiling source file ..\..\Source\Settings\StoredSettings.cpp)
  c:\users\willow\dropbox\livestreaming\quidstreamassistant\source\settings\../TopLevel/Application.h(25): note: see reference to function template instantiation 'juce::ScopedPointer<QuidStreamAssistantApplication::MainMenuModel>::~ScopedPointer(void)' being compiled (compiling source file ..\..\Source\Settings\StoredSettings.cpp)
  c:\users\willow\dropbox\livestreaming\quidstreamassistant\source\settings\../TopLevel/Application.h(88): note: see reference to class template instantiation 'juce::ScopedPointer<QuidStreamAssistantApplication::MainMenuModel>' being compiled (compiling source file ..\..\Source\Settings\StoredSettings.cpp)
d:\juce\modules\juce_core\memory/juce_ContainerDeletePolicy.h(51): warning C4150: deletion of pointer to incomplete type 'QuidStreamAssistantApplication::MainMenuModel'; no destructor called (compiling source file ..\..\Source\Settings\StoredSettings.cpp)
  c:\users\willow\dropbox\livestreaming\quidstreamassistant\source\settings\../TopLevel/Application.h(87): note: see declaration of 'QuidStreamAssistantApplication::MainMenuModel' (compiling source file ..\..\Source\Settings\StoredSettings.cpp)
d:\juce\modules\juce_core\memory/juce_ContainerDeletePolicy.h(49): error C2027: use of undefined type 'QuidStreamAssistantApplication::MainMenuModel' (compiling source file ..\..\Source\Settings\Tournament.cpp)
  c:\users\willow\dropbox\livestreaming\quidstreamassistant\source\settings\../TopLevel/Application.h(87): note: see declaration of 'QuidStreamAssistantApplication::MainMenuModel' (compiling source file ..\..\Source\Settings\Tournament.cpp)
  d:\juce\modules\juce_core\memory/juce_ContainerDeletePolicy.h(40): note: while compiling class template member function 'void juce::ContainerDeletePolicy<ObjectType>::destroy(ObjectType *)'
          with
          [
              ObjectType=QuidStreamAssistantApplication::MainMenuModel
          ] (compiling source file ..\..\Source\Settings\Tournament.cpp)
  d:\juce\modules\juce_core\memory/juce_ScopedPointer.h(98): note: see reference to function template instantiation 'void juce::ContainerDeletePolicy<ObjectType>::destroy(ObjectType *)' being compiled
          with
          [
              ObjectType=QuidStreamAssistantApplication::MainMenuModel
          ] (compiling source file ..\..\Source\Settings\Tournament.cpp)
  d:\juce\modules\juce_core\memory/juce_ScopedPointer.h(98): note: see reference to class template instantiation 'juce::ContainerDeletePolicy<ObjectType>' being compiled
          with
          [
              ObjectType=QuidStreamAssistantApplication::MainMenuModel
          ] (compiling source file ..\..\Source\Settings\Tournament.cpp)
  d:\juce\modules\juce_core\memory/juce_ScopedPointer.h(98): note: while compiling class template member function 'juce::ScopedPointer<QuidStreamAssistantApplication::MainMenuModel>::~ScopedPointer(void)' (compiling source file ..\..\Source\Settings\Tournament.cpp)
  c:\users\willow\dropbox\livestreaming\quidstreamassistant\source\settings\../TopLevel/Application.h(25): note: see reference to function template instantiation 'juce::ScopedPointer<QuidStreamAssistantApplication::MainMenuModel>::~ScopedPointer(void)' being compiled (compiling source file ..\..\Source\Settings\Tournament.cpp)
  c:\users\willow\dropbox\livestreaming\quidstreamassistant\source\settings\../TopLevel/Application.h(88): note: see reference to class template instantiation 'juce::ScopedPointer<QuidStreamAssistantApplication::MainMenuModel>' being compiled (compiling source file ..\..\Source\Settings\Tournament.cpp)
d:\juce\modules\juce_core\memory/juce_ContainerDeletePolicy.h(51): warning C4150: deletion of pointer to incomplete type 'QuidStreamAssistantApplication::MainMenuModel'; no destructor called (compiling source file ..\..\Source\Settings\Tournament.cpp)
  c:\users\willow\dropbox\livestreaming\quidstreamassistant\source\settings\../TopLevel/Application.h(87): note: see declaration of 'QuidStreamAssistantApplication::MainMenuModel' (compiling source file ..\..\Source\Settings\Tournament.cpp)
  GameplayWindow.cpp
d:\juce\modules\juce_core\memory/juce_ContainerDeletePolicy.h(49): error C2027: use of undefined type 'QuidStreamAssistantApplication::MainMenuModel' (compiling source file ..\..\Source\Settings\Team.cpp)
  c:\users\willow\dropbox\livestreaming\quidstreamassistant\source\settings\../TopLevel/Application.h(87): note: see declaration of 'QuidStreamAssistantApplication::MainMenuModel' (compiling source file ..\..\Source\Settings\Team.cpp)
  d:\juce\modules\juce_core\memory/juce_ContainerDeletePolicy.h(40): note: while compiling class template member function 'void juce::ContainerDeletePolicy<ObjectType>::destroy(ObjectType *)'
          with
          [
              ObjectType=QuidStreamAssistantApplication::MainMenuModel
          ] (compiling source file ..\..\Source\Settings\Team.cpp)
  d:\juce\modules\juce_core\memory/juce_ScopedPointer.h(98): note: see reference to function template instantiation 'void juce::ContainerDeletePolicy<ObjectType>::destroy(ObjectType *)' being compiled
          with
          [
              ObjectType=QuidStreamAssistantApplication::MainMenuModel
          ] (compiling source file ..\..\Source\Settings\Team.cpp)
  d:\juce\modules\juce_core\memory/juce_ScopedPointer.h(98): note: see reference to class template instantiation 'juce::ContainerDeletePolicy<ObjectType>' being compiled
          with
          [
              ObjectType=QuidStreamAssistantApplication::MainMenuModel
          ] (compiling source file ..\..\Source\Settings\Team.cpp)
  d:\juce\modules\juce_core\memory/juce_ScopedPointer.h(98): note: while compiling class template member function 'juce::ScopedPointer<QuidStreamAssistantApplication::MainMenuModel>::~ScopedPointer(void)' (compiling source file ..\..\Source\Settings\Team.cpp)
  c:\users\willow\dropbox\livestreaming\quidstreamassistant\source\settings\../TopLevel/Application.h(25): note: see reference to function template instantiation 'juce::ScopedPointer<QuidStreamAssistantApplication::MainMenuModel>::~ScopedPointer(void)' being compiled (compiling source file ..\..\Source\Settings\Team.cpp)
  c:\users\willow\dropbox\livestreaming\quidstreamassistant\source\settings\../TopLevel/Application.h(88): note: see reference to class template instantiation 'juce::ScopedPointer<QuidStreamAssistantApplication::MainMenuModel>' being compiled (compiling source file ..\..\Source\Settings\Team.cpp)
d:\juce\modules\juce_core\memory/juce_ContainerDeletePolicy.h(51): warning C4150: deletion of pointer to incomplete type 'QuidStreamAssistantApplication::MainMenuModel'; no destructor called (compiling source file ..\..\Source\Settings\Team.cpp)
  c:\users\willow\dropbox\livestreaming\quidstreamassistant\source\settings\../TopLevel/Application.h(87): note: see declaration of 'QuidStreamAssistantApplication::MainMenuModel' (compiling source file ..\..\Source\Settings\Team.cpp)
  EditTeamWindow.cpp
  EditTournamentWindow.cpp
d:\juce\modules\juce_core\memory/juce_ContainerDeletePolicy.h(49): error C2027: use of undefined type 'QuidStreamAssistantApplication::MainMenuModel' (compiling source file ..\..\Source\Gameplay\GameplayComponent.cpp)
  c:\users\willow\dropbox\livestreaming\quidstreamassistant\source\gameplay\../TopLevel/Application.h(87): note: see declaration of 'QuidStreamAssistantApplication::MainMenuModel' (compiling source file ..\..\Source\Gameplay\GameplayComponent.cpp)
  d:\juce\modules\juce_core\memory/juce_ContainerDeletePolicy.h(40): note: while compiling class template member function 'void juce::ContainerDeletePolicy<ObjectType>::destroy(ObjectType *)'
          with
          [
              ObjectType=QuidStreamAssistantApplication::MainMenuModel
          ] (compiling source file ..\..\Source\Gameplay\GameplayComponent.cpp)
  d:\juce\modules\juce_core\memory/juce_ScopedPointer.h(98): note: see reference to function template instantiation 'void juce::ContainerDeletePolicy<ObjectType>::destroy(ObjectType *)' being compiled
          with
          [
              ObjectType=QuidStreamAssistantApplication::MainMenuModel
          ] (compiling source file ..\..\Source\Gameplay\GameplayComponent.cpp)
  d:\juce\modules\juce_core\memory/juce_ScopedPointer.h(98): note: see reference to class template instantiation 'juce::ContainerDeletePolicy<ObjectType>' being compiled
          with
          [
              ObjectType=QuidStreamAssistantApplication::MainMenuModel
          ] (compiling source file ..\..\Source\Gameplay\GameplayComponent.cpp)
  d:\juce\modules\juce_core\memory/juce_ScopedPointer.h(98): note: while compiling class template member function 'juce::ScopedPointer<QuidStreamAssistantApplication::MainMenuModel>::~ScopedPointer(void)' (compiling source file ..\..\Source\Gameplay\GameplayComponent.cpp)
  c:\users\willow\dropbox\livestreaming\quidstreamassistant\source\gameplay\../TopLevel/Application.h(25): note: see reference to function template instantiation 'juce::ScopedPointer<QuidStreamAssistantApplication::MainMenuModel>::~ScopedPointer(void)' being compiled (compiling source file ..\..\Source\Gameplay\GameplayComponent.cpp)
  c:\users\willow\dropbox\livestreaming\quidstreamassistant\source\gameplay\../TopLevel/Application.h(88): note: see reference to class template instantiation 'juce::ScopedPointer<QuidStreamAssistantApplication::MainMenuModel>' being compiled (compiling source file ..\..\Source\Gameplay\GameplayComponent.cpp)
d:\juce\modules\juce_core\memory/juce_ContainerDeletePolicy.h(51): warning C4150: deletion of pointer to incomplete type 'QuidStreamAssistantApplication::MainMenuModel'; no destructor called (compiling source file ..\..\Source\Gameplay\GameplayComponent.cpp)
  c:\users\willow\dropbox\livestreaming\quidstreamassistant\source\gameplay\../TopLevel/Application.h(87): note: see declaration of 'QuidStreamAssistantApplication::MainMenuModel' (compiling source file ..\..\Source\Gameplay\GameplayComponent.cpp)
  HRSnitchWindow.cpp
..\..\Source\ToolWindows\HRSnitchWindow.cpp(71): warning C4100: 'g': unreferenced formal parameter
..\..\Source\ToolWindows\EditTournamentWindow.cpp(120): warning C4100: 'g': unreferenced formal parameter
..\..\Source\Gameplay\GameplayWindow.cpp(25): error C2653: 'ProjucerApplication': is not a class or namespace name
..\..\Source\Gameplay\GameplayWindow.cpp(25): error C3861: 'getApp': identifier not found
..\..\Source\Gameplay\GameplayWindow.cpp(25): error C2228: left of '.getMenuModel' must have class/struct/union
  ..\..\Source\Gameplay\GameplayWindow.cpp(25): note: type is 'unknown-type'
..\..\Source\ToolWindows\EditTeamWindow.cpp(131): warning C4100: 'g': unreferenced formal parameter
  IntroAlertWindow.cpp
d:\juce\modules\juce_core\memory/juce_ContainerDeletePolicy.h(49): error C2027: use of undefined type 'QuidStreamAssistantApplication::MainMenuModel' (compiling source file ..\..\Source\ToolWindows\HRSnitchWindow.cpp)
  c:\users\willow\dropbox\livestreaming\quidstreamassistant\source\toolwindows\../TopLevel/Application.h(87): note: see declaration of 'QuidStreamAssistantApplication::MainMenuModel' (compiling source file ..\..\Source\ToolWindows\HRSnitchWindow.cpp)
  d:\juce\modules\juce_core\memory/juce_ContainerDeletePolicy.h(40): note: while compiling class template member function 'void juce::ContainerDeletePolicy<ObjectType>::destroy(ObjectType *)'
          with
          [
              ObjectType=QuidStreamAssistantApplication::MainMenuModel
          ] (compiling source file ..\..\Source\ToolWindows\HRSnitchWindow.cpp)
  d:\juce\modules\juce_core\memory/juce_ScopedPointer.h(98): note: see reference to function template instantiation 'void juce::ContainerDeletePolicy<ObjectType>::destroy(ObjectType *)' being compiled
          with
          [
              ObjectType=QuidStreamAssistantApplication::MainMenuModel
          ] (compiling source file ..\..\Source\ToolWindows\HRSnitchWindow.cpp)
  d:\juce\modules\juce_core\memory/juce_ScopedPointer.h(98): note: see reference to class template instantiation 'juce::ContainerDeletePolicy<ObjectType>' being compiled
          with
          [
              ObjectType=QuidStreamAssistantApplication::MainMenuModel
          ] (compiling source file ..\..\Source\ToolWindows\HRSnitchWindow.cpp)
  d:\juce\modules\juce_core\memory/juce_ScopedPointer.h(98): note: while compiling class template member function 'juce::ScopedPointer<QuidStreamAssistantApplication::MainMenuModel>::~ScopedPointer(void)' (compiling source file ..\..\Source\ToolWindows\HRSnitchWindow.cpp)
  c:\users\willow\dropbox\livestreaming\quidstreamassistant\source\toolwindows\../TopLevel/Application.h(25): note: see reference to function template instantiation 'juce::ScopedPointer<QuidStreamAssistantApplication::MainMenuModel>::~ScopedPointer(void)' being compiled (compiling source file ..\..\Source\ToolWindows\HRSnitchWindow.cpp)
  c:\users\willow\dropbox\livestreaming\quidstreamassistant\source\toolwindows\../TopLevel/Application.h(88): note: see reference to class template instantiation 'juce::ScopedPointer<QuidStreamAssistantApplication::MainMenuModel>' being compiled (compiling source file ..\..\Source\ToolWindows\HRSnitchWindow.cpp)
d:\juce\modules\juce_core\memory/juce_ContainerDeletePolicy.h(51): warning C4150: deletion of pointer to incomplete type 'QuidStreamAssistantApplication::MainMenuModel'; no destructor called (compiling source file ..\..\Source\ToolWindows\HRSnitchWindow.cpp)
  c:\users\willow\dropbox\livestreaming\quidstreamassistant\source\toolwindows\../TopLevel/Application.h(87): note: see declaration of 'QuidStreamAssistantApplication::MainMenuModel' (compiling source file ..\..\Source\ToolWindows\HRSnitchWindow.cpp)
d:\juce\modules\juce_core\memory/juce_ContainerDeletePolicy.h(49): error C2027: use of undefined type 'QuidStreamAssistantApplication::MainMenuModel' (compiling source file ..\..\Source\ToolWindows\EditTournamentWindow.cpp)
  c:\users\willow\dropbox\livestreaming\quidstreamassistant\source\toolwindows\../TopLevel/Application.h(87): note: see declaration of 'QuidStreamAssistantApplication::MainMenuModel' (compiling source file ..\..\Source\ToolWindows\EditTournamentWindow.cpp)
  d:\juce\modules\juce_core\memory/juce_ContainerDeletePolicy.h(40): note: while compiling class template member function 'void juce::ContainerDeletePolicy<ObjectType>::destroy(ObjectType *)'
          with
          [
              ObjectType=QuidStreamAssistantApplication::MainMenuModel
          ] (compiling source file ..\..\Source\ToolWindows\EditTournamentWindow.cpp)
  d:\juce\modules\juce_core\memory/juce_ScopedPointer.h(98): note: see reference to function template instantiation 'void juce::ContainerDeletePolicy<ObjectType>::destroy(ObjectType *)' being compiled
          with
          [
              ObjectType=QuidStreamAssistantApplication::MainMenuModel
          ] (compiling source file ..\..\Source\ToolWindows\EditTournamentWindow.cpp)
  d:\juce\modules\juce_core\memory/juce_ScopedPointer.h(98): note: see reference to class template instantiation 'juce::ContainerDeletePolicy<ObjectType>' being compiled
          with
          [
              ObjectType=QuidStreamAssistantApplication::MainMenuModel
          ] (compiling source file ..\..\Source\ToolWindows\EditTournamentWindow.cpp)
  d:\juce\modules\juce_core\memory/juce_ScopedPointer.h(98): note: while compiling class template member function 'juce::ScopedPointer<QuidStreamAssistantApplication::MainMenuModel>::~ScopedPointer(void)' (compiling source file ..\..\Source\ToolWindows\EditTournamentWindow.cpp)
  c:\users\willow\dropbox\livestreaming\quidstreamassistant\source\toolwindows\../TopLevel/Application.h(25): note: see reference to function template instantiation 'juce::ScopedPointer<QuidStreamAssistantApplication::MainMenuModel>::~ScopedPointer(void)' being compiled (compiling source file ..\..\Source\ToolWindows\EditTournamentWindow.cpp)
  c:\users\willow\dropbox\livestreaming\quidstreamassistant\source\toolwindows\../TopLevel/Application.h(88): note: see reference to class template instantiation 'juce::ScopedPointer<QuidStreamAssistantApplication::MainMenuModel>' being compiled (compiling source file ..\..\Source\ToolWindows\EditTournamentWindow.cpp)
d:\juce\modules\juce_core\memory/juce_ContainerDeletePolicy.h(51): warning C4150: deletion of pointer to incomplete type 'QuidStreamAssistantApplication::MainMenuModel'; no destructor called (compiling source file ..\..\Source\ToolWindows\EditTournamentWindow.cpp)
  c:\users\willow\dropbox\livestreaming\quidstreamassistant\source\toolwindows\../TopLevel/Application.h(87): note: see declaration of 'QuidStreamAssistantApplication::MainMenuModel' (compiling source file ..\..\Source\ToolWindows\EditTournamentWindow.cpp)
  MainAppWindow.cpp
  SelectTeamsWindow.cpp
d:\juce\modules\juce_core\memory/juce_ContainerDeletePolicy.h(49): error C2027: use of undefined type 'QuidStreamAssistantApplication::MainMenuModel' (compiling source file ..\..\Source\ToolWindows\EditTeamWindow.cpp)
  c:\users\willow\dropbox\livestreaming\quidstreamassistant\source\toolwindows\../TopLevel/Application.h(87): note: see declaration of 'QuidStreamAssistantApplication::MainMenuModel' (compiling source file ..\..\Source\ToolWindows\EditTeamWindow.cpp)
  d:\juce\modules\juce_core\memory/juce_ContainerDeletePolicy.h(40): note: while compiling class template member function 'void juce::ContainerDeletePolicy<ObjectType>::destroy(ObjectType *)'
          with
          [
              ObjectType=QuidStreamAssistantApplication::MainMenuModel
          ] (compiling source file ..\..\Source\ToolWindows\EditTeamWindow.cpp)
  d:\juce\modules\juce_core\memory/juce_ScopedPointer.h(98): note: see reference to function template instantiation 'void juce::ContainerDeletePolicy<ObjectType>::destroy(ObjectType *)' being compiled
          with
          [
              ObjectType=QuidStreamAssistantApplication::MainMenuModel
          ] (compiling source file ..\..\Source\ToolWindows\EditTeamWindow.cpp)
  d:\juce\modules\juce_core\memory/juce_ScopedPointer.h(98): note: see reference to class template instantiation 'juce::ContainerDeletePolicy<ObjectType>' being compiled
          with
          [
              ObjectType=QuidStreamAssistantApplication::MainMenuModel
          ] (compiling source file ..\..\Source\ToolWindows\EditTeamWindow.cpp)
  d:\juce\modules\juce_core\memory/juce_ScopedPointer.h(98): note: while compiling class template member function 'juce::ScopedPointer<QuidStreamAssistantApplication::MainMenuModel>::~ScopedPointer(void)' (compiling source file ..\..\Source\ToolWindows\EditTeamWindow.cpp)
  c:\users\willow\dropbox\livestreaming\quidstreamassistant\source\toolwindows\../TopLevel/Application.h(25): note: see reference to function template instantiation 'juce::ScopedPointer<QuidStreamAssistantApplication::MainMenuModel>::~ScopedPointer(void)' being compiled (compiling source file ..\..\Source\ToolWindows\EditTeamWindow.cpp)
  c:\users\willow\dropbox\livestreaming\quidstreamassistant\source\toolwindows\../TopLevel/Application.h(88): note: see reference to class template instantiation 'juce::ScopedPointer<QuidStreamAssistantApplication::MainMenuModel>' being compiled (compiling source file ..\..\Source\ToolWindows\EditTeamWindow.cpp)
d:\juce\modules\juce_core\memory/juce_ContainerDeletePolicy.h(51): warning C4150: deletion of pointer to incomplete type 'QuidStreamAssistantApplication::MainMenuModel'; no destructor called (compiling source file ..\..\Source\ToolWindows\EditTeamWindow.cpp)
  c:\users\willow\dropbox\livestreaming\quidstreamassistant\source\toolwindows\../TopLevel/Application.h(87): note: see declaration of 'QuidStreamAssistantApplication::MainMenuModel' (compiling source file ..\..\Source\ToolWindows\EditTeamWindow.cpp)
  Application.cpp
..\..\Source\ToolWindows\IntroAlertWindow.cpp(241): error C3867: 'juce::FileOutputStream::flush': non-standard syntax; use '&' to create a pointer to member
..\..\Source\TopLevel\Application.cpp(58): warning C4100: 'commandLine': unreferenced formal parameter
  Main.cpp
..\..\Source\TopLevel\Application.cpp(176): warning C4100: 'commandLine': unreferenced formal parameter
..\..\Source\TopLevel\Application.cpp(270): error C2653: 'CommandCategories': is not a class or namespace name
..\..\Source\TopLevel\Application.cpp(270): error C2065: 'general': undeclared identifier
..\..\Source\TopLevel\Application.cpp(275): error C2653: 'CommandCategories': is not a class or namespace name
..\..\Source\TopLevel\Application.cpp(275): error C2065: 'general': undeclared identifier
..\..\Source\TopLevel\Application.cpp(279): error C2653: 'CommandCategories': is not a class or namespace name
..\..\Source\TopLevel\Application.cpp(279): error C2065: 'general': undeclared identifier
..\..\Source\TopLevel\Application.cpp(287): error C2653: 'CommandCategories': is not a class or namespace name
..\..\Source\TopLevel\Application.cpp(287): error C2065: 'general': undeclared identifier
d:\juce\modules\juce_core\memory/juce_ContainerDeletePolicy.h(49): error C2027: use of undefined type 'QuidStreamAssistantApplication::MainMenuModel' (compiling source file ..\..\Source\ToolWindows\MainAppWindow.cpp)
  c:\users\willow\dropbox\livestreaming\quidstreamassistant\source\toolwindows\../TopLevel/Application.h(87): note: see declaration of 'QuidStreamAssistantApplication::MainMenuModel' (compiling source file ..\..\Source\ToolWindows\MainAppWindow.cpp)
  d:\juce\modules\juce_core\memory/juce_ContainerDeletePolicy.h(40): note: while compiling class template member function 'void juce::ContainerDeletePolicy<ObjectType>::destroy(ObjectType *)'
          with
          [
              ObjectType=QuidStreamAssistantApplication::MainMenuModel
          ] (compiling source file ..\..\Source\ToolWindows\MainAppWindow.cpp)
  d:\juce\modules\juce_core\memory/juce_ScopedPointer.h(98): note: see reference to function template instantiation 'void juce::ContainerDeletePolicy<ObjectType>::destroy(ObjectType *)' being compiled
          with
          [
              ObjectType=QuidStreamAssistantApplication::MainMenuModel
          ] (compiling source file ..\..\Source\ToolWindows\MainAppWindow.cpp)
  d:\juce\modules\juce_core\memory/juce_ScopedPointer.h(98): note: see reference to class template instantiation 'juce::ContainerDeletePolicy<ObjectType>' being compiled
          with
          [
              ObjectType=QuidStreamAssistantApplication::MainMenuModel
          ] (compiling source file ..\..\Source\ToolWindows\MainAppWindow.cpp)
  d:\juce\modules\juce_core\memory/juce_ScopedPointer.h(98): note: while compiling class template member function 'juce::ScopedPointer<QuidStreamAssistantApplication::MainMenuModel>::~ScopedPointer(void)' (compiling source file ..\..\Source\ToolWindows\MainAppWindow.cpp)
  c:\users\willow\dropbox\livestreaming\quidstreamassistant\source\toolwindows\../TopLevel/Application.h(25): note: see reference to function template instantiation 'juce::ScopedPointer<QuidStreamAssistantApplication::MainMenuModel>::~ScopedPointer(void)' being compiled (compiling source file ..\..\Source\ToolWindows\MainAppWindow.cpp)
  c:\users\willow\dropbox\livestreaming\quidstreamassistant\source\toolwindows\../TopLevel/Application.h(88): note: see reference to class template instantiation 'juce::ScopedPointer<QuidStreamAssistantApplication::MainMenuModel>' being compiled (compiling source file ..\..\Source\ToolWindows\MainAppWindow.cpp)
d:\juce\modules\juce_core\memory/juce_ContainerDeletePolicy.h(51): warning C4150: deletion of pointer to incomplete type 'QuidStreamAssistantApplication::MainMenuModel'; no destructor called (compiling source file ..\..\Source\ToolWindows\MainAppWindow.cpp)
  c:\users\willow\dropbox\livestreaming\quidstreamassistant\source\toolwindows\../TopLevel/Application.h(87): note: see declaration of 'QuidStreamAssistantApplication::MainMenuModel' (compiling source file ..\..\Source\ToolWindows\MainAppWindow.cpp)
d:\juce\modules\juce_core\memory/juce_ContainerDeletePolicy.h(49): error C2027: use of undefined type 'QuidStreamAssistantApplication::MainMenuModel' (compiling source file ..\..\Source\ToolWindows\SelectTeamsWindow.cpp)
  c:\users\willow\dropbox\livestreaming\quidstreamassistant\source\toolwindows\../TopLevel/Application.h(87): note: see declaration of 'QuidStreamAssistantApplication::MainMenuModel' (compiling source file ..\..\Source\ToolWindows\SelectTeamsWindow.cpp)
  d:\juce\modules\juce_core\memory/juce_ContainerDeletePolicy.h(40): note: while compiling class template member function 'void juce::ContainerDeletePolicy<ObjectType>::destroy(ObjectType *)'
          with
          [
              ObjectType=QuidStreamAssistantApplication::MainMenuModel
          ] (compiling source file ..\..\Source\ToolWindows\SelectTeamsWindow.cpp)
  d:\juce\modules\juce_core\memory/juce_ScopedPointer.h(98): note: see reference to function template instantiation 'void juce::ContainerDeletePolicy<ObjectType>::destroy(ObjectType *)' being compiled
          with
          [
              ObjectType=QuidStreamAssistantApplication::MainMenuModel
          ] (compiling source file ..\..\Source\ToolWindows\SelectTeamsWindow.cpp)
  d:\juce\modules\juce_core\memory/juce_ScopedPointer.h(98): note: see reference to class template instantiation 'juce::ContainerDeletePolicy<ObjectType>' being compiled
          with
          [
              ObjectType=QuidStreamAssistantApplication::MainMenuModel
          ] (compiling source file ..\..\Source\ToolWindows\SelectTeamsWindow.cpp)
  d:\juce\modules\juce_core\memory/juce_ScopedPointer.h(98): note: while compiling class template member function 'juce::ScopedPointer<QuidStreamAssistantApplication::MainMenuModel>::~ScopedPointer(void)' (compiling source file ..\..\Source\ToolWindows\SelectTeamsWindow.cpp)
  c:\users\willow\dropbox\livestreaming\quidstreamassistant\source\toolwindows\../TopLevel/Application.h(25): note: see reference to function template instantiation 'juce::ScopedPointer<QuidStreamAssistantApplication::MainMenuModel>::~ScopedPointer(void)' being compiled (compiling source file ..\..\Source\ToolWindows\SelectTeamsWindow.cpp)
  c:\users\willow\dropbox\livestreaming\quidstreamassistant\source\toolwindows\../TopLevel/Application.h(88): note: see reference to class template instantiation 'juce::ScopedPointer<QuidStreamAssistantApplication::MainMenuModel>' being compiled (compiling source file ..\..\Source\ToolWindows\SelectTeamsWindow.cpp)
d:\juce\modules\juce_core\memory/juce_ContainerDeletePolicy.h(51): warning C4150: deletion of pointer to incomplete type 'QuidStreamAssistantApplication::MainMenuModel'; no destructor called (compiling source file ..\..\Source\ToolWindows\SelectTeamsWindow.cpp)
  c:\users\willow\dropbox\livestreaming\quidstreamassistant\source\toolwindows\../TopLevel/Application.h(87): note: see declaration of 'QuidStreamAssistantApplication::MainMenuModel' (compiling source file ..\..\Source\ToolWindows\SelectTeamsWindow.cpp)
d:\juce\modules\juce_core\memory/juce_ContainerDeletePolicy.h(49): error C2027: use of undefined type 'QuidStreamAssistantApplication::MainMenuModel' (compiling source file ..\..\Source\TopLevel\Main.cpp)
  c:\users\willow\dropbox\livestreaming\quidstreamassistant\source\toplevel\Application.h(87): note: see declaration of 'QuidStreamAssistantApplication::MainMenuModel' (compiling source file ..\..\Source\TopLevel\Main.cpp)
  d:\juce\modules\juce_core\memory/juce_ContainerDeletePolicy.h(40): note: while compiling class template member function 'void juce::ContainerDeletePolicy<ObjectType>::destroy(ObjectType *)'
          with
          [
              ObjectType=QuidStreamAssistantApplication::MainMenuModel
          ] (compiling source file ..\..\Source\TopLevel\Main.cpp)
  d:\juce\modules\juce_core\memory/juce_ScopedPointer.h(98): note: see reference to function template instantiation 'void juce::ContainerDeletePolicy<ObjectType>::destroy(ObjectType *)' being compiled
          with
          [
              ObjectType=QuidStreamAssistantApplication::MainMenuModel
          ] (compiling source file ..\..\Source\TopLevel\Main.cpp)
  d:\juce\modules\juce_core\memory/juce_ScopedPointer.h(98): note: see reference to class template instantiation 'juce::ContainerDeletePolicy<ObjectType>' being compiled
          with
          [
              ObjectType=QuidStreamAssistantApplication::MainMenuModel
          ] (compiling source file ..\..\Source\TopLevel\Main.cpp)
  d:\juce\modules\juce_core\memory/juce_ScopedPointer.h(98): note: while compiling class template member function 'juce::ScopedPointer<QuidStreamAssistantApplication::MainMenuModel>::~ScopedPointer(void)' (compiling source file ..\..\Source\TopLevel\Main.cpp)
  c:\users\willow\dropbox\livestreaming\quidstreamassistant\source\toplevel\Application.h(25): note: see reference to function template instantiation 'juce::ScopedPointer<QuidStreamAssistantApplication::MainMenuModel>::~ScopedPointer(void)' being compiled (compiling source file ..\..\Source\TopLevel\Main.cpp)
  c:\users\willow\dropbox\livestreaming\quidstreamassistant\source\toplevel\Application.h(88): note: see reference to class template instantiation 'juce::ScopedPointer<QuidStreamAssistantApplication::MainMenuModel>' being compiled (compiling source file ..\..\Source\TopLevel\Main.cpp)
d:\juce\modules\juce_core\memory/juce_ContainerDeletePolicy.h(51): warning C4150: deletion of pointer to incomplete type 'QuidStreamAssistantApplication::MainMenuModel'; no destructor called (compiling source file ..\..\Source\TopLevel\Main.cpp)
  c:\users\willow\dropbox\livestreaming\quidstreamassistant\source\toplevel\Application.h(87): note: see declaration of 'QuidStreamAssistantApplication::MainMenuModel' (compiling source file ..\..\Source\TopLevel\Main.cpp)
