c:\users\willow\dropbox\livestreaming\quidstreamassistant\builds\visualstudio2017\x64\debug\app\player.obj
c:\users\willow\dropbox\livestreaming\quidstreamassistant\builds\visualstudio2017\x64\debug\app\snitchsliders.obj
c:\users\willow\dropbox\livestreaming\quidstreamassistant\builds\visualstudio2017\x64\debug\app\include_juce_audio_devices.obj
c:\users\willow\dropbox\livestreaming\quidstreamassistant\builds\visualstudio2017\x64\debug\app\include_juce_data_structures.obj
c:\users\willow\dropbox\livestreaming\quidstreamassistant\builds\visualstudio2017\x64\debug\app\include_juce_gui_extra.obj
c:\users\willow\dropbox\livestreaming\quidstreamassistant\builds\visualstudio2017\x64\debug\app\pronounsandlogo.obj
c:\users\willow\dropbox\livestreaming\quidstreamassistant\builds\visualstudio2017\x64\debug\app\include_juce_audio_formats.obj
c:\users\willow\dropbox\livestreaming\quidstreamassistant\builds\visualstudio2017\x64\debug\app\include_juce_cryptography.obj
c:\users\willow\dropbox\livestreaming\quidstreamassistant\builds\visualstudio2017\x64\debug\app\include_juce_gui_basics.obj
c:\users\willow\dropbox\livestreaming\quidstreamassistant\builds\visualstudio2017\x64\debug\app\scorecomponent.obj
c:\users\willow\dropbox\livestreaming\quidstreamassistant\builds\visualstudio2017\x64\debug\app\rosterlistboxcomponent.obj
c:\users\willow\dropbox\livestreaming\quidstreamassistant\builds\visualstudio2017\x64\debug\app\binarydata.obj
c:\users\willow\dropbox\livestreaming\quidstreamassistant\builds\visualstudio2017\x64\debug\app\include_juce_audio_basics.obj
c:\users\willow\dropbox\livestreaming\quidstreamassistant\builds\visualstudio2017\x64\debug\app\include_juce_core.obj
c:\users\willow\dropbox\livestreaming\quidstreamassistant\builds\visualstudio2017\x64\debug\app\include_juce_events.obj
c:\users\willow\dropbox\livestreaming\quidstreamassistant\builds\visualstudio2017\x64\debug\app\include_juce_opengl.obj
c:\users\willow\dropbox\livestreaming\quidstreamassistant\builds\visualstudio2017\x64\debug\app\customlookandfeel.obj
c:\users\willow\dropbox\livestreaming\quidstreamassistant\builds\visualstudio2017\x64\debug\app\gametimer.obj
c:\users\willow\dropbox\livestreaming\quidstreamassistant\builds\visualstudio2017\x64\debug\app\stopwatch.obj
c:\users\willow\dropbox\livestreaming\quidstreamassistant\builds\visualstudio2017\x64\debug\app\teamlistboxcomponent.obj
c:\users\willow\dropbox\livestreaming\quidstreamassistant\builds\visualstudio2017\x64\debug\app\include_juce_audio_processors.obj
c:\users\willow\dropbox\livestreaming\quidstreamassistant\builds\visualstudio2017\x64\debug\app\include_juce_graphics.obj
c:\users\willow\dropbox\livestreaming\quidstreamassistant\builds\visualstudio2017\x64\debug\app\include_juce_video.obj
c:\users\willow\dropbox\livestreaming\quidstreamassistant\builds\visualstudio2017\x64\debug\app\vc141.pdb
c:\users\willow\dropbox\livestreaming\quidstreamassistant\builds\visualstudio2017\x64\debug\app\quidstre.f3428502.tlog\cl.command.1.tlog
c:\users\willow\dropbox\livestreaming\quidstreamassistant\builds\visualstudio2017\x64\debug\app\quidstre.f3428502.tlog\cl.read.1.tlog
c:\users\willow\dropbox\livestreaming\quidstreamassistant\builds\visualstudio2017\x64\debug\app\quidstre.f3428502.tlog\cl.write.1.tlog
